# JRE version: OpenJDK Runtime Environment Temurin-21.0.9+10 (21.0.9+10) (build 21.0.9+10-LTS)
# Java VM: OpenJDK 64-Bit Server VM Temurin-21.0.9+10 (21.0.9+10-LTS, mixed mode, sharing, tiered, compressed oops, compressed class ptrs, parallel gc, windows-amd64)
GC Precious Log:
 CardTable entry size: 512
 CPUs: 6 total, 6 available
 Memory: 16306M
 Large Page Support: Disabled
 NUMA Support: Disabled
 Compressed Oops: Enabled (32-bit)
 Alignments: Space 512K, Generation 512K, Heap 2M
 Heap Min Capacity: 100M
 Heap Initial Capacity: 100M
 Heap Max Capacity: 2G
 Pre-touch: Disabled
 Parallel Workers: 6
Heap:
 PSYoungGen      total 4608K, used 1789K [0x00000000d5580000, 0x00000000d5b00000, 0x0000000100000000)
  eden space 4096K, 35% used [0x00000000d5580000,0x00000000d56e91a8,0x00000000d5980000)
  from space 512K, 67% used [0x00000000d5a80000,0x00000000d5ad6470,0x00000000d5b00000)
  to   space 512K, 0% used [0x00000000d5a00000,0x00000000d5a00000,0x00000000d5a80000)
 ParOldGen       total 104960K, used 104534K [0x0000000080000000, 0x0000000086680000, 0x00000000d5580000)
  object space 104960K, 99% used [0x0000000080000000,0x0000000086615810,0x0000000086680000)
 Metaspace       used 65257K, committed 66688K, reserved 1114112K
  class space    used 7596K, committed 8192K, reserved 1048576K
GC Heap History (20 events):
Event: 36.124 GC heap before
{Heap before GC invocations=296 (full 3):
 PSYoungGen      total 4608K, used 4520K [0x00000000d5580000, 0x00000000d5b00000, 0x0000000100000000)
  eden space 4096K, 99% used [0x00000000d5580000,0x00000000d597ffe8,0x00000000d5980000)
  from space 512K, 82% used [0x00000000d5a80000,0x00000000d5aea370,0x00000000d5b00000)
  to   space 512K, 0% used [0x00000000d5a00000,0x00000000d5a00000,0x00000000d5a80000)
 ParOldGen       total 103424K, used 103375K [0x0000000080000000, 0x0000000086500000, 0x00000000d5580000)
  object space 103424K, 99% used [0x0000000080000000,0x00000000864f3cd0,0x0000000086500000)
 Metaspace       used 64273K, committed 65600K, reserved 1114112K
  class space    used 7522K, committed 8064K, reserved 1048576K
}
Event: 36.125 GC heap after
{Heap after GC invocations=296 (full 3):
 PSYoungGen      total 4608K, used 384K [0x00000000d5580000, 0x00000000d5b00000, 0x0000000100000000)
  eden space 4096K, 0% used [0x00000000d5580000,0x00000000d5580000,0x00000000d5980000)
  from space 512K, 75% used [0x00000000d5a00000,0x00000000d5a60000,0x00000000d5a80000)
  to   space 512K, 0% used [0x00000000d5a80000,0x00000000d5a80000,0x00000000d5b00000)
 ParOldGen       total 103936K, used 103559K [0x0000000080000000, 0x0000000086580000, 0x00000000d5580000)
  object space 103936K, 99% used [0x0000000080000000,0x0000000086521cf0,0x0000000086580000)
 Metaspace       used 64273K, committed 65600K, reserved 1114112K
  class space    used 7522K, committed 8064K, reserved 1048576K
}
Event: 36.191 GC heap before
{Heap before GC invocations=297 (full 3):
 PSYoungGen      total 4608K, used 4480K [0x00000000d5580000, 0x00000000d5b00000, 0x0000000100000000)
  eden space 4096K, 100% used [0x00000000d5580000,0x00000000d5980000,0x00000000d5980000)
  from space 512K, 75% used [0x00000000d5a00000,0x00000000d5a60000,0x00000000d5a80000)
  to   space 512K, 0% used [0x00000000d5a80000,0x00000000d5a80000,0x00000000d5b00000)
 ParOldGen       total 103936K, used 103559K [0x0000000080000000, 0x0000000086580000, 0x00000000d5580000)
  object space 103936K, 99% used [0x0000000080000000,0x0000000086521cf0,0x0000000086580000)
 Metaspace       used 64297K, committed 65664K, reserved 1114112K
  class space    used 7522K, committed 8064K, reserved 1048576K
}
Event: 36.192 GC heap after
{Heap after GC invocations=297 (full 3):
 PSYoungGen      total 4608K, used 224K [0x00000000d5580000, 0x00000000d5b00000, 0x0000000100000000)
  eden space 4096K, 0% used [0x00000000d5580000,0x00000000d5580000,0x00000000d5980000)
  from space 512K, 43% used [0x00000000d5a80000,0x00000000d5ab8000,0x00000000d5b00000)
  to   space 512K, 0% used [0x00000000d5a00000,0x00000000d5a00000,0x00000000d5a80000)
 ParOldGen       total 103936K, used 103700K [0x0000000080000000, 0x0000000086580000, 0x00000000d5580000)
  object space 103936K, 99% used [0x0000000080000000,0x0000000086545170,0x0000000086580000)
 Metaspace       used 64297K, committed 65664K, reserved 1114112K
  class space    used 7522K, committed 8064K, reserved 1048576K
}
Event: 36.225 GC heap before
{Heap before GC invocations=298 (full 3):
 PSYoungGen      total 4608K, used 4320K [0x00000000d5580000, 0x00000000d5b00000, 0x0000000100000000)
  eden space 4096K, 100% used [0x00000000d5580000,0x00000000d5980000,0x00000000d5980000)
  from space 512K, 43% used [0x00000000d5a80000,0x00000000d5ab8000,0x00000000d5b00000)
  to   space 512K, 0% used [0x00000000d5a00000,0x00000000d5a00000,0x00000000d5a80000)
 ParOldGen       total 103936K, used 103700K [0x0000000080000000, 0x0000000086580000, 0x00000000d5580000)
  object space 103936K, 99% used [0x0000000080000000,0x0000000086545170,0x0000000086580000)
 Metaspace       used 64334K, committed 65664K, reserved 1114112K
  class space    used 7522K, committed 8064K, reserved 1048576K
}
Event: 36.226 GC heap after
{Heap after GC invocations=298 (full 3):
 PSYoungGen      total 4608K, used 320K [0x00000000d5580000, 0x00000000d5b00000, 0x0000000100000000)
  eden space 4096K, 0% used [0x00000000d5580000,0x00000000d5580000,0x00000000d5980000)
  from space 512K, 62% used [0x00000000d5a00000,0x00000000d5a50000,0x00000000d5a80000)
  to   space 512K, 0% used [0x00000000d5a80000,0x00000000d5a80000,0x00000000d5b00000)
 ParOldGen       total 103936K, used 103817K [0x0000000080000000, 0x0000000086580000, 0x00000000d5580000)
  object space 103936K, 99% used [0x0000000080000000,0x00000000865625f0,0x0000000086580000)
 Metaspace       used 64334K, committed 65664K, reserved 1114112K
  class space    used 7522K, committed 8064K, reserved 1048576K
}
Event: 36.268 GC heap before
{Heap before GC invocations=299 (full 3):
 PSYoungGen      total 4608K, used 4416K [0x00000000d5580000, 0x00000000d5b00000, 0x0000000100000000)
  eden space 4096K, 100% used [0x00000000d5580000,0x00000000d5980000,0x00000000d5980000)
  from space 512K, 62% used [0x00000000d5a00000,0x00000000d5a50000,0x00000000d5a80000)
  to   space 512K, 0% used [0x00000000d5a80000,0x00000000d5a80000,0x00000000d5b00000)
 ParOldGen       total 103936K, used 103817K [0x0000000080000000, 0x0000000086580000, 0x00000000d5580000)
  object space 103936K, 99% used [0x0000000080000000,0x00000000865625f0,0x0000000086580000)
 Metaspace       used 64362K, committed 65728K, reserved 1114112K
  class space    used 7522K, committed 8064K, reserved 1048576K
}
Event: 36.269 GC heap after
{Heap after GC invocations=299 (full 3):
 PSYoungGen      total 4608K, used 224K [0x00000000d5580000, 0x00000000d5b00000, 0x0000000100000000)
  eden space 4096K, 0% used [0x00000000d5580000,0x00000000d5580000,0x00000000d5980000)
  from space 512K, 43% used [0x00000000d5a80000,0x00000000d5ab8000,0x00000000d5b00000)
  to   space 512K, 0% used [0x00000000d5a00000,0x00000000d5a00000,0x00000000d5a80000)
 ParOldGen       total 104448K, used 103952K [0x0000000080000000, 0x0000000086600000, 0x00000000d5580000)
  object space 104448K, 99% used [0x0000000080000000,0x0000000086584030,0x0000000086600000)
 Metaspace       used 64362K, committed 65728K, reserved 1114112K
  class space    used 7522K, committed 8064K, reserved 1048576K
}
Event: 36.296 GC heap before
{Heap before GC invocations=300 (full 3):
 PSYoungGen      total 4608K, used 4319K [0x00000000d5580000, 0x00000000d5b00000, 0x0000000100000000)
  eden space 4096K, 99% used [0x00000000d5580000,0x00000000d597ffd8,0x00000000d5980000)
  from space 512K, 43% used [0x00000000d5a80000,0x00000000d5ab8000,0x00000000d5b00000)
  to   space 512K, 0% used [0x00000000d5a00000,0x00000000d5a00000,0x00000000d5a80000)
 ParOldGen       total 104448K, used 103952K [0x0000000080000000, 0x0000000086600000, 0x00000000d5580000)
  object space 104448K, 99% used [0x0000000080000000,0x0000000086584030,0x0000000086600000)
 Metaspace       used 64423K, committed 65792K, reserved 1114112K
  class space    used 7522K, committed 8064K, reserved 1048576K
}
Event: 36.297 GC heap after
{Heap after GC invocations=300 (full 3):
 PSYoungGen      total 4608K, used 343K [0x00000000d5580000, 0x00000000d5b00000, 0x0000000100000000)
  eden space 4096K, 0% used [0x00000000d5580000,0x00000000d5580000,0x00000000d5980000)
  from space 512K, 67% used [0x00000000d5a00000,0x00000000d5a55f78,0x00000000d5a80000)
  to   space 512K, 0% used [0x00000000d5a80000,0x00000000d5a80000,0x00000000d5b00000)
 ParOldGen       total 104448K, used 104130K [0x0000000080000000, 0x0000000086600000, 0x00000000d5580000)
  object space 104448K, 99% used [0x0000000080000000,0x00000000865b0940,0x0000000086600000)
 Metaspace       used 64423K, committed 65792K, reserved 1114112K
  class space    used 7522K, committed 8064K, reserved 1048576K
}
Event: 36.335 GC heap before
{Heap before GC invocations=301 (full 3):
 PSYoungGen      total 4608K, used 4439K [0x00000000d5580000, 0x00000000d5b00000, 0x0000000100000000)
  eden space 4096K, 99% used [0x00000000d5580000,0x00000000d597fff0,0x00000000d5980000)
  from space 512K, 67% used [0x00000000d5a00000,0x00000000d5a55f78,0x00000000d5a80000)
  to   space 512K, 0% used [0x00000000d5a80000,0x00000000d5a80000,0x00000000d5b00000)
 ParOldGen       total 104448K, used 104130K [0x0000000080000000, 0x0000000086600000, 0x00000000d5580000)
  object space 104448K, 99% used [0x0000000080000000,0x00000000865b0940,0x0000000086600000)
 Metaspace       used 64491K, committed 65920K, reserved 1114112K
  class space    used 7530K, committed 8128K, reserved 1048576K
}
Event: 36.336 GC heap after
{Heap after GC invocations=301 (full 3):
 PSYoungGen      total 4608K, used 240K [0x00000000d5580000, 0x00000000d5b00000, 0x0000000100000000)
  eden space 4096K, 0% used [0x00000000d5580000,0x00000000d5580000,0x00000000d5980000)
  from space 512K, 46% used [0x00000000d5a80000,0x00000000d5abc010,0x00000000d5b00000)
  to   space 512K, 0% used [0x00000000d5a00000,0x00000000d5a00000,0x00000000d5a80000)
 ParOldGen       total 104448K, used 104350K [0x0000000080000000, 0x0000000086600000, 0x00000000d5580000)
  object space 104448K, 99% used [0x0000000080000000,0x00000000865e7800,0x0000000086600000)
 Metaspace       used 64491K, committed 65920K, reserved 1114112K
  class space    used 7530K, committed 8128K, reserved 1048576K
}
Event: 36.389 GC heap before
{Heap before GC invocations=302 (full 3):
 PSYoungGen      total 4608K, used 4336K [0x00000000d5580000, 0x00000000d5b00000, 0x0000000100000000)
  eden space 4096K, 100% used [0x00000000d5580000,0x00000000d5980000,0x00000000d5980000)
  from space 512K, 46% used [0x00000000d5a80000,0x00000000d5abc010,0x00000000d5b00000)
  to   space 512K, 0% used [0x00000000d5a00000,0x00000000d5a00000,0x00000000d5a80000)
 ParOldGen       total 104448K, used 104350K [0x0000000080000000, 0x0000000086600000, 0x00000000d5580000)
  object space 104448K, 99% used [0x0000000080000000,0x00000000865e7800,0x0000000086600000)
 Metaspace       used 64605K, committed 65984K, reserved 1114112K
  class space    used 7536K, committed 8128K, reserved 1048576K
}
Event: 36.390 GC heap after
{Heap after GC invocations=302 (full 3):
 PSYoungGen      total 4608K, used 128K [0x00000000d5580000, 0x00000000d5b00000, 0x0000000100000000)
  eden space 4096K, 0% used [0x00000000d5580000,0x00000000d5580000,0x00000000d5980000)
  from space 512K, 25% used [0x00000000d5a00000,0x00000000d5a20000,0x00000000d5a80000)
  to   space 512K, 0% used [0x00000000d5a80000,0x00000000d5a80000,0x00000000d5b00000)
 ParOldGen       total 104960K, used 104454K [0x0000000080000000, 0x0000000086680000, 0x00000000d5580000)
  object space 104960K, 99% used [0x0000000080000000,0x0000000086601810,0x0000000086680000)
 Metaspace       used 64605K, committed 65984K, reserved 1114112K
  class space    used 7536K, committed 8128K, reserved 1048576K
}
Event: 36.447 GC heap before
{Heap before GC invocations=303 (full 3):
 PSYoungGen      total 4608K, used 4224K [0x00000000d5580000, 0x00000000d5b00000, 0x0000000100000000)
  eden space 4096K, 100% used [0x00000000d5580000,0x00000000d5980000,0x00000000d5980000)
  from space 512K, 25% used [0x00000000d5a00000,0x00000000d5a20000,0x00000000d5a80000)
  to   space 512K, 0% used [0x00000000d5a80000,0x00000000d5a80000,0x00000000d5b00000)
 ParOldGen       total 104960K, used 104454K [0x0000000080000000, 0x0000000086680000, 0x00000000d5580000)
  object space 104960K, 99% used [0x0000000080000000,0x0000000086601810,0x0000000086680000)
 Metaspace       used 64651K, committed 65984K, reserved 1114112K
  class space    used 7536K, committed 8128K, reserved 1048576K
}
Event: 36.448 GC heap after
{Heap after GC invocations=303 (full 3):
 PSYoungGen      total 4608K, used 192K [0x00000000d5580000, 0x00000000d5b00000, 0x0000000100000000)
  eden space 4096K, 0% used [0x00000000d5580000,0x00000000d5580000,0x00000000d5980000)
  from space 512K, 37% used [0x00000000d5a80000,0x00000000d5ab0000,0x00000000d5b00000)
  to   space 512K, 0% used [0x00000000d5a00000,0x00000000d5a00000,0x00000000d5a80000)
 ParOldGen       total 104960K, used 104486K [0x0000000080000000, 0x0000000086680000, 0x00000000d5580000)
  object space 104960K, 99% used [0x0000000080000000,0x0000000086609810,0x0000000086680000)
 Metaspace       used 64651K, committed 65984K, reserved 1114112K
  class space    used 7536K, committed 8128K, reserved 1048576K
}
Event: 36.506 GC heap before
{Heap before GC invocations=304 (full 3):
 PSYoungGen      total 4608K, used 4288K [0x00000000d5580000, 0x00000000d5b00000, 0x0000000100000000)
  eden space 4096K, 100% used [0x00000000d5580000,0x00000000d5980000,0x00000000d5980000)
  from space 512K, 37% used [0x00000000d5a80000,0x00000000d5ab0000,0x00000000d5b00000)
  to   space 512K, 0% used [0x00000000d5a00000,0x00000000d5a00000,0x00000000d5a80000)
 ParOldGen       total 104960K, used 104486K [0x0000000080000000, 0x0000000086680000, 0x00000000d5580000)
  object space 104960K, 99% used [0x0000000080000000,0x0000000086609810,0x0000000086680000)
 Metaspace       used 64690K, committed 66112K, reserved 1114112K
  class space    used 7536K, committed 8128K, reserved 1048576K
}
Event: 36.507 GC heap after
{Heap after GC invocations=304 (full 3):
 PSYoungGen      total 4608K, used 160K [0x00000000d5580000, 0x00000000d5b00000, 0x0000000100000000)
  eden space 4096K, 0% used [0x00000000d5580000,0x00000000d5580000,0x00000000d5980000)
  from space 512K, 31% used [0x00000000d5a00000,0x00000000d5a28000,0x00000000d5a80000)
  to   space 512K, 0% used [0x00000000d5a80000,0x00000000d5a80000,0x00000000d5b00000)
 ParOldGen       total 104960K, used 104518K [0x0000000080000000, 0x0000000086680000, 0x00000000d5580000)
  object space 104960K, 99% used [0x0000000080000000,0x0000000086611810,0x0000000086680000)
 Metaspace       used 64690K, committed 66112K, reserved 1114112K
  class space    used 7536K, committed 8128K, reserved 1048576K
}
Event: 165.468 GC heap before
{Heap before GC invocations=305 (full 3):
 PSYoungGen      total 4608K, used 4254K [0x00000000d5580000, 0x00000000d5b00000, 0x0000000100000000)
  eden space 4096K, 99% used [0x00000000d5580000,0x00000000d597fb30,0x00000000d5980000)
  from space 512K, 31% used [0x00000000d5a00000,0x00000000d5a28000,0x00000000d5a80000)
  to   space 512K, 0% used [0x00000000d5a80000,0x00000000d5a80000,0x00000000d5b00000)
 ParOldGen       total 104960K, used 104518K [0x0000000080000000, 0x0000000086680000, 0x00000000d5580000)
  object space 104960K, 99% used [0x0000000080000000,0x0000000086611810,0x0000000086680000)
 Metaspace       used 65095K, committed 66496K, reserved 1114112K
  class space    used 7582K, committed 8128K, reserved 1048576K
}
Event: 165.469 GC heap after
{Heap after GC invocations=305 (full 3):
 PSYoungGen      total 4608K, used 345K [0x00000000d5580000, 0x00000000d5b00000, 0x0000000100000000)
  eden space 4096K, 0% used [0x00000000d5580000,0x00000000d5580000,0x00000000d5980000)
  from space 512K, 67% used [0x00000000d5a80000,0x00000000d5ad6470,0x00000000d5b00000)
  to   space 512K, 0% used [0x00000000d5a00000,0x00000000d5a00000,0x00000000d5a80000)
 ParOldGen       total 104960K, used 104534K [0x0000000080000000, 0x0000000086680000, 0x00000000d5580000)
  object space 104960K, 99% used [0x0000000080000000,0x0000000086615810,0x0000000086680000)
 Metaspace       used 65095K, committed 66496K, reserved 1114112K
  class space    used 7582K, committed 8128K, reserved 1048576K
}

